{
  "stats": {
    "suites": 1,
    "tests": 2,
    "passes": 2,
    "pending": 0,
    "failures": 0,
    "start": "2022-03-26T08:58:20.131Z",
    "end": "2022-03-26T08:58:44.163Z",
    "duration": 24032,
    "testsRegistered": 2,
    "passPercent": 100,
    "pendingPercent": 0,
    "other": 0,
    "hasOther": false,
    "skipped": 0,
    "hasSkipped": false
  },
  "results": [
    {
      "uuid": "aa08211f-a1be-4928-ade9-3fc89a98ba51",
      "title": "",
      "fullFile": "cypress/integration/myFirstTest.js",
      "file": "cypress/integration/myFirstTest.js",
      "beforeHooks": [],
      "afterHooks": [],
      "tests": [],
      "suites": [
        {
          "uuid": "510340a6-71fa-4af9-a5e4-f33c23a5fec0",
          "title": "LetCode Tests",
          "fullFile": "",
          "file": "",
          "beforeHooks": [],
          "afterHooks": [],
          "tests": [
            {
              "title": "Test 1 - Verify Page Title",
              "fullTitle": "LetCode Tests Test 1 - Verify Page Title",
              "timedOut": null,
              "duration": 14223,
              "state": "passed",
              "speed": "slow",
              "pass": true,
              "fail": false,
              "pending": false,
              "context": null,
              "code": "cy.title().should('eq', 'LetCode - Testing Hub');\ncy.get(':nth-child(2) > .hero-body > div.container > .columns > :nth-child(1) > app-menu > .card > .card-header > .card-header-title').contains('Input'); // Click on Input card for application Form page\ncy.get(':nth-child(2) > .hero-body > div.container > .columns > :nth-child(1) > app-menu > .card > .card-footer > .card-footer-item').click();",
              "err": {},
              "uuid": "1f0444a8-c960-4c0c-80c1-357e22044ede",
              "parentUUID": "510340a6-71fa-4af9-a5e4-f33c23a5fec0",
              "isHook": false,
              "skipped": false
            },
            {
              "title": "Test 4 - Login functionality",
              "fullTitle": "LetCode Tests Test 4 - Login functionality",
              "timedOut": null,
              "duration": 6693,
              "state": "passed",
              "speed": "medium",
              "pass": true,
              "fail": false,
              "pending": false,
              "context": null,
              "code": "const login = new _LoginPage.default();\nlogin.VisitURL();\nlogin.fillEmail('email');\ncy.get(':nth-child(2) > .control > .input').clear().click().type(data.password);\ncy.get('.navbar-burger').click();\ncy.get('#testing').click();\ncy.title().should('eq', 'LetCode - Testing Hub');",
              "err": {},
              "uuid": "885a0d14-a5e4-4ece-bce1-7922ce4f575c",
              "parentUUID": "510340a6-71fa-4af9-a5e4-f33c23a5fec0",
              "isHook": false,
              "skipped": false
            }
          ],
          "suites": [],
          "passes": [
            "1f0444a8-c960-4c0c-80c1-357e22044ede",
            "885a0d14-a5e4-4ece-bce1-7922ce4f575c"
          ],
          "failures": [],
          "pending": [],
          "skipped": [],
          "duration": 20916,
          "root": false,
          "rootEmpty": false,
          "_timeout": 2000
        }
      ],
      "passes": [],
      "failures": [],
      "pending": [],
      "skipped": [],
      "duration": 0,
      "root": true,
      "rootEmpty": true,
      "_timeout": 2000
    }
  ],
  "meta": {
    "mocha": {
      "version": "7.0.1"
    },
    "mochawesome": {
      "options": {
        "quiet": false,
        "reportFilename": "mochawesome",
        "saveHtml": false,
        "saveJson": true,
        "consoleReporter": "spec",
        "useInlineDiffs": false,
        "code": true
      },
      "version": "7.1.2"
    },
    "marge": {
      "options": {
        "charts": true,
        "overwrite": false,
        "html": false,
        "json": true,
        "reportDir": "cypress/reports/.jsons"
      },
      "version": "6.1.1"
    }
  }
}